Arguments: 
  C:\Develop\node\node.exe C:\Develop\Yarn\bin\yarn.js add -D vuepress

PATH: 
  E:\github\Coco-UI\node_modules\.bin;C:\Windows\system32;C:\Windows;C:\Windows\System32\Wbem;C:\Windows\System32\WindowsPowerShell\v1.0\;C:\Program Files (x86)\NVIDIA Corporation\PhysX\Common;C:\Windows\system32;C:\Windows;C:\Windows\System32\Wbem;C:\Windows\System32\WindowsPowerShell\v1.0\;C:\Windows\System32\OpenSSH\;C:\Develop\node\;C:\Develop\Git\cmd;C:\Develop\Yarn\bin\;C:\Users\datou\AppData\Local\Microsoft\WindowsApps;C:\Develop\Microsoft VS Code\bin;C:\Users\datou\AppData\Roaming\npm;D:\rar\;C:\Develop\WebStorm 2019.1.3\bin;C:\Users\datou\AppData\Local\Yarn\bin;C:\Users\datou\AppData\Local\GitHubDesktop\bin

Yarn version: 
  1.16.0

Node version: 
  10.16.0

Platform: 
  win32 x64

Trace: 
  Error: ENOENT: no such file or directory, copyfile 'C:\Users\datou\AppData\Local\Yarn\Cache\v4\npm-ms-2.1.2-d09d1f357b443f493382a8eb3ccd183872ae6009\node_modules\ms\license.md' -> 'E:\github\Coco-UI\node_modules\@babel\core\node_modules\ms\license.md'

npm manifest: 
  {
    "name": "coco-test",
    "version": "0.0.2",
    "description": "UI\u001b[D\u001b[DVue\u001b[D\u001b[D\u001b[D基于\u001b[C\u001b[C\u001b[D\u001b[DVue的UI框架",
    "main": "dist/index.js",
    "scripts": {
      "dev-test": "parcel watch test/* --no-cache & karma start",
      "test": "parcel build test/* --no-cache --no-minify && karma start --single-run",
      "serve": "parcel index.html --no-cache",
      "build": "parcel build index.html --public-url ./"
    },
    "keywords": [
      "vue",
      "ui"
    ],
    "author": "Zeng Baohao",
    "license": "MIT",
    "dependencies": {
      "vue": "^2.6.10",
      "vue-hot-reload-api": "^2.3.3"
    },
    "devDependencies": {
      "@vue/component-compiler-utils": "^3.0.0",
      "chai": "^4.2.0",
      "chai-spies": "^1.0.0",
      "karma": "^4.1.0",
      "karma-chai": "^0.1.0",
      "karma-chai-spies": "^0.1.4",
      "karma-chrome-launcher": "^2.2.0",
      "karma-mocha": "^1.3.0",
      "karma-sinon-chai": "^2.0.2",
      "mocha": "^6.1.4",
      "parcel-bundler": "^1.12.3",
      "sass": "^1.22.3",
      "sinon": "^7.3.2",
      "sinon-chai": "^3.3.0",
      "vue-template-compiler": "^2.6.10"
    },
    "alias": {
      "vue": "./node_modules/vue/dist/vue.common.js"
    }
  }

yarn manifest: 
  No manifest

Lockfile: 
  No lockfile
